<?xml version="1.0" encoding="UTF-8"?>
<!-- Generated by org.testng.reporters.JUnitReportReporter -->
<testsuite hostname="DESKTOP-435JNTG" failures="0" tests="1" name="AK.pageobjects.StandAloneTest" time="0.000" errors="0" timestamp="2024-11-19T11:07:11 IST" skipped="1">
  <testcase classname="AK.pageobjects.StandAloneTest" name="submitOrder" time="0.000">
    <skipped/>
  </testcase> <!-- submitOrder -->
  <system-out/>
</testsuite> <!-- AK.pageobjects.StandAloneTest -->
